{"level":"info","message":{"__v":0,"_id":"621f6ad565c644a3146aaac2","img":"https://bit.ly/2IcnSwz","name":"Swapnil Anant Bendal","summary":"Harry Potter and Dumbledore's warning about the return of Lord Voldemo..."},"timestamp":"2022-03-02T13:02:13.779Z"}
{"_message":"DemoData validation failed","errors":{"name":{"kind":"required","message":"Path `name` is required.","name":"ValidatorError","path":"name","properties":{"message":"Path `name` is required.","path":"name","type":"required","value":""},"value":""}},"level":"error","timestamp":"2022-03-02T13:03:51.056Z"}
{"_message":"DemoData validation failed","errors":{"name":{"kind":"required","message":"Path `name` is required.","name":"ValidatorError","path":"name","properties":{"message":"Path `name` is required.","path":"name","type":"required","value":""},"value":""}},"level":"error","timestamp":"2022-03-02T13:05:59.861Z"}
{"_message":"DemoData validation failed","errors":{"name":{"kind":"required","message":"Path `name` is required.","name":"ValidatorError","path":"name","properties":{"message":"Path `name` is required.","path":"name","type":"required","value":""},"value":""}},"level":"error","timestamp":"2022-03-02T13:12:25.500Z"}
{"_message":"DemoData validation failed","errors":{"name":{"kind":"required","message":"Path `name` is required.","name":"ValidatorError","path":"name","properties":{"message":"Path `name` is required.","path":"name","type":"required","value":""},"value":""}},"level":"error","timestamp":"2022-03-02T13:20:20.837Z"}
{"_message":"DemoData validation failed","errors":{"name":{"kind":"required","message":"Path `name` is required.","name":"ValidatorError","path":"name","properties":{"message":"Path `name` is required.","path":"name","type":"required","value":""},"value":""}},"level":"error","timestamp":"2022-03-02T13:21:19.119Z"}
{"_message":"DemoData validation failed","errors":{"name":{"kind":"required","message":"Path `name` is required.","name":"ValidatorError","path":"name","properties":{"message":"Path `name` is required.","path":"name","type":"required","value":""},"value":""}},"level":"error","timestamp":"2022-03-02T13:23:06.352Z"}
{"level":"info","message":"","timestamp":"2022-03-02T13:26:57.730Z"}
{"level":"info","message":"Connection Bulid","timestamp":"2022-03-02T13:27:11.597Z"}
{"level":"info","message":"Connection Bulid","timestamp":"2022-03-02T13:27:16.875Z"}
{"level":"info","message":"Connection Bulid","timestamp":"2022-03-02T13:28:01.505Z"}
{"level":"info","message":"Connection Bulid","timestamp":"2022-03-02T13:28:44.734Z"}
{"level":"info","message":"Connection Bulid","timestamp":"2022-03-02T13:28:51.611Z"}
{"level":"info","message":"Connection Bulid","timestamp":"2022-03-02T13:29:01.570Z"}
{"level":"info","message":"Connection Bulid","timestamp":"2022-03-02T13:29:05.077Z"}
{"level":"info","message":"Connection Bulid","timestamp":"2022-03-02T13:29:26.852Z"}
{"level":"info","message":"Connection Bulid","timestamp":"2022-03-02T13:29:30.045Z"}
{"level":"info","message":"Connection Bulid","timestamp":"2022-03-02T13:29:44.734Z"}
{"level":"info","message":"Connection Bulid","timestamp":"2022-03-02T13:29:51.597Z"}
{"level":"info","message":"Connection Bulid","timestamp":"2022-03-02T13:29:55.378Z"}
{"level":"info","message":"Connection Bulid","timestamp":"2022-03-02T13:29:56.515Z"}
{"level":"info","message":"Connection Bulid","timestamp":"2022-03-02T13:30:03.527Z"}
{"level":"info","message":"Connection Bulid","timestamp":"2022-03-02T13:30:16.420Z"}
{"level":"info","message":"Connection Bulid","timestamp":"2022-03-02T13:30:17.993Z"}
{"code":"ERR_HTTP_HEADERS_SENT","level":"error","timestamp":"2022-03-02T13:30:19.811Z"}
{"level":"info","message":"Connection Bulid","timestamp":"2022-03-02T13:30:37.336Z"}
{"level":"info","message":"Connection Bulid","timestamp":"2022-03-02T13:30:38.490Z"}
{"level":"info","message":"Connection Bulid","timestamp":"2022-03-02T13:30:46.023Z"}
{"level":"info","message":"Connection Bulid","timestamp":"2022-03-02T13:30:50.934Z"}
{"level":"info","message":"Connection Bulid","timestamp":"2022-03-02T13:30:57.624Z"}
{"level":"info","message":"Connection Bulid","timestamp":"2022-03-02T13:30:59.255Z"}
{"level":"info","message":"Connection Bulid","timestamp":"2022-03-02T13:31:05.316Z"}
{"level":"info","message":"Connection Bulid","timestamp":"2022-03-02T13:31:06.679Z"}
{"level":"info","message":"Connection Bulid","timestamp":"2022-03-02T13:31:10.372Z"}
{"level":"info","message":"Connection Bulid","timestamp":"2022-03-02T13:31:19.637Z"}
{"level":"info","message":"Connection Bulid","timestamp":"2022-03-02T13:31:24.394Z"}
{"level":"info","message":"Connection Bulid","timestamp":"2022-03-02T13:32:18.303Z"}
{"level":"info","message":"Connection Bulid","timestamp":"2022-03-02T13:32:30.465Z"}
{"level":"info","message":"Connection Bulid","timestamp":"2022-03-02T13:32:39.337Z"}
{"level":"info","message":"Connection Bulid","timestamp":"2022-03-02T13:32:45.202Z"}
{"level":"info","message":"Connection Bulid","timestamp":"2022-03-02T13:32:47.739Z"}
{"level":"info","message":"Connection Bulid","timestamp":"2022-03-02T13:32:54.999Z"}
{"level":"info","message":"Connection Bulid","timestamp":"2022-03-02T13:33:16.632Z"}
{"level":"info","message":"Connection Bulid","timestamp":"2022-03-02T13:33:25.599Z"}
{"level":"info","message":"Connection Bulid","timestamp":"2022-03-02T13:33:51.122Z"}
{"level":"info","message":"Connection Bulid","timestamp":"2022-03-02T13:33:56.538Z"}
{"level":"info","message":"Connection Bulid","timestamp":"2022-03-02T13:34:01.454Z"}
{"level":"info","message":"Connection Bulid","timestamp":"2022-03-02T13:34:05.683Z"}
{"level":"info","message":"Connection Bulid","timestamp":"2022-03-02T13:34:08.832Z"}
{"level":"info","message":"Connection Bulid","timestamp":"2022-03-02T13:34:19.071Z"}
{"level":"info","message":"Connection Bulid","timestamp":"2022-03-02T13:34:21.239Z"}
{"level":"info","message":"Connection Bulid","timestamp":"2022-03-02T13:34:26.750Z"}
{"code":"ERR_HTTP_HEADERS_SENT","level":"error","timestamp":"2022-03-02T13:34:32.936Z"}
{"level":"info","message":"Connection Bulid","timestamp":"2022-03-02T13:34:49.480Z"}
{"level":"info","message":"Connection Bulid","timestamp":"2022-03-02T13:34:51.560Z"}
{"code":"ERR_HTTP_HEADERS_SENT","level":"error","timestamp":"2022-03-02T13:34:59.576Z"}
{"code":"ERR_HTTP_HEADERS_SENT","level":"error","timestamp":"2022-03-02T13:35:33.988Z"}
{"level":"info","message":"Connection Bulid","timestamp":"2022-03-02T13:36:02.444Z"}
{"code":"ERR_HTTP_HEADERS_SENT","level":"error","timestamp":"2022-03-02T13:36:07.578Z"}
{"code":"ERR_HTTP_HEADERS_SENT","level":"error","timestamp":"2022-03-02T13:36:39.815Z"}
{"code":"ERR_HTTP_HEADERS_SENT","level":"error","timestamp":"2022-03-02T13:36:41.216Z"}
{"code":"ERR_HTTP_HEADERS_SENT","level":"error","timestamp":"2022-03-02T13:36:42.684Z"}
{"code":"ERR_HTTP_HEADERS_SENT","level":"error","timestamp":"2022-03-02T13:36:43.580Z"}
{"level":"info","message":"Connection Bulid","timestamp":"2022-03-02T13:37:00.635Z"}
{"level":"info","message":"Connection Bulid","timestamp":"2022-03-02T13:37:39.029Z"}
{"level":"info","message":"Connection Bulid","timestamp":"2022-03-02T13:37:49.419Z"}
{"level":"info","message":"Connection Bulid","timestamp":"2022-03-02T13:37:54.961Z"}
{"level":"info","message":"Connection Bulid","timestamp":"2022-03-02T13:37:58.161Z"}
{"level":"info","message":"Connection Bulid","timestamp":"2022-03-02T13:38:09.469Z"}
{"level":"info","message":"Connection Bulid","timestamp":"2022-03-02T13:38:23.823Z"}
{"level":"info","message":"Connection Bulid","timestamp":"2022-03-02T13:38:24.396Z"}
{"level":"info","message":"Connection Bulid","timestamp":"2022-03-02T13:38:51.190Z"}
{"level":"info","message":"Connection Bulid","timestamp":"2022-03-02T13:38:57.844Z"}
{"level":"info","message":"Connection Bulid","timestamp":"2022-03-02T13:38:59.643Z"}
{"level":"info","message":"Connection Bulid","timestamp":"2022-03-02T13:39:00.764Z"}
{"level":"info","message":"Connection Bulid","timestamp":"2022-03-02T13:39:03.811Z"}
{"level":"info","message":"Connection Bulid","timestamp":"2022-03-02T13:39:04.515Z"}
{"level":"info","message":"Connection Bulid","timestamp":"2022-03-02T13:39:09.858Z"}
{"level":"info","message":"Connection Bulid","timestamp":"2022-03-02T13:39:36.547Z"}
{"level":"info","message":"Connection Bulid","timestamp":"2022-03-02T13:39:41.613Z"}
{"level":"info","message":"Connection Bulid","timestamp":"2022-03-02T13:39:50.870Z"}
{"level":"info","message":"Connection Bulid","timestamp":"2022-03-02T13:39:54.407Z"}
{"level":"info","message":"Connection Bulid","timestamp":"2022-03-02T13:39:57.463Z"}
{"level":"info","message":"Connection Bulid","timestamp":"2022-03-02T13:40:04.330Z"}
{"level":"info","message":"Connection Bulid","timestamp":"2022-03-02T13:40:10.573Z"}
{"code":"ERR_HTTP_HEADERS_SENT","level":"error","timestamp":"2022-03-02T13:40:16.135Z"}
{"code":"ERR_HTTP_HEADERS_SENT","level":"error","timestamp":"2022-03-02T13:40:23.919Z"}
{"kind":"ObjectId","level":"error","path":"_id","reason":{},"stringValue":"\"621f57611afbc1234bebc12b1\"","timestamp":"2022-03-02T13:40:44.906Z","value":"621f57611afbc1234bebc12b1","valueType":"string"}
{"code":"ERR_HTTP_HEADERS_SENT","level":"error","timestamp":"2022-03-02T13:43:10.362Z"}
{"level":"info","message":"Connection Bulid","timestamp":"2022-03-02T13:44:35.715Z"}
{"code":"ERR_HTTP_HEADERS_SENT","level":"error","timestamp":"2022-03-02T13:46:14.745Z"}
{"level":"info","message":"Connection Bulid","timestamp":"2022-03-02T13:47:14.336Z"}
{"level":"info","message":"Connection Bulid","timestamp":"2022-03-02T13:47:19.141Z"}
{"level":"info","message":"Connection Bulid","timestamp":"2022-03-02T13:47:24.403Z"}
{"level":"info","message":"Connection Bulid","timestamp":"2022-03-02T13:47:26.886Z"}
{"level":"info","message":"Connection Bulid","timestamp":"2022-03-02T13:47:30.678Z"}
{"level":"info","message":"Connection Bulid","timestamp":"2022-03-02T13:47:31.195Z"}
{"code":"ERR_HTTP_HEADERS_SENT","level":"error","timestamp":"2022-03-02T13:47:37.531Z"}
{"level":"info","message":"Connection Bulid","timestamp":"2022-03-02T13:48:34.772Z"}
{"level":"info","message":"Connection Bulid","timestamp":"2022-03-02T13:48:37.524Z"}
{"level":"info","message":"Connection Bulid","timestamp":"2022-03-02T13:48:38.485Z"}
{"code":"ERR_HTTP_HEADERS_SENT","level":"error","timestamp":"2022-03-02T13:49:01.693Z"}
{"code":"ERR_HTTP_HEADERS_SENT","level":"error","timestamp":"2022-03-02T13:51:18.028Z"}
{"code":"ERR_HTTP_HEADERS_SENT","level":"error","timestamp":"2022-03-02T13:51:34.886Z"}
{"code":"ERR_HTTP_HEADERS_SENT","level":"error","timestamp":"2022-03-02T13:51:42.218Z"}
{"code":"ERR_HTTP_HEADERS_SENT","level":"error","timestamp":"2022-03-02T13:51:49.648Z"}
{"code":"ERR_HTTP_HEADERS_SENT","level":"error","timestamp":"2022-03-02T13:52:07.985Z"}
{"code":"ERR_HTTP_HEADERS_SENT","level":"error","timestamp":"2022-03-02T13:52:20.088Z"}
{"code":"ERR_HTTP_HEADERS_SENT","level":"error","timestamp":"2022-03-02T13:52:35.011Z"}
{"code":"ERR_HTTP_HEADERS_SENT","level":"error","timestamp":"2022-03-02T13:54:06.814Z"}
{"code":"ERR_HTTP_HEADERS_SENT","level":"error","timestamp":"2022-03-02T13:54:26.808Z"}
{"code":"ERR_HTTP_HEADERS_SENT","level":"error","timestamp":"2022-03-02T13:54:34.856Z"}
{"level":"info","message":"Connection Bulid","timestamp":"2022-03-02T13:57:15.511Z"}
{"level":"info","message":"Connection Bulid","timestamp":"2022-03-02T13:57:18.152Z"}
{"level":"info","message":"Connection Bulid","timestamp":"2022-03-02T13:57:19.473Z"}
{"level":"info","message":{"__v":0,"_id":"621f77d7904e1fdcd1cb1dd2","img":"https://bit.ly/2IcnSwz","name":"Kavita Mali","summary":"Harry Potter and Dumbledore's warning about the return of Lord Voldemo..."},"timestamp":"2022-03-02T13:57:43.564Z"}
{"code":"ERR_HTTP_HEADERS_SENT","level":"error","timestamp":"2022-03-02T13:57:48.736Z"}
{"code":"ERR_HTTP_HEADERS_SENT","level":"error","timestamp":"2022-03-02T13:58:02.356Z"}
{"code":"ERR_HTTP_HEADERS_SENT","level":"error","timestamp":"2022-03-02T13:58:24.615Z"}
{"code":"ERR_HTTP_HEADERS_SENT","level":"error","timestamp":"2022-03-02T13:58:37.444Z"}
{"code":"ERR_HTTP_HEADERS_SENT","level":"error","timestamp":"2022-03-02T13:58:59.409Z"}
{"code":"ERR_HTTP_HEADERS_SENT","level":"error","timestamp":"2022-03-02T13:59:04.566Z"}
{"level":"info","message":{"__v":0,"_id":"621f7831904e1fdcd1cb1ddc","img":"https://bit.ly/2IcnSwz","name":"Kavita Mali","summary":"Harry Potter and Dumbledore's warning about the return of Lord Voldemo..."},"timestamp":"2022-03-02T13:59:13.649Z"}
{"code":"ERR_HTTP_HEADERS_SENT","level":"error","timestamp":"2022-03-02T13:59:20.117Z"}
{"level":"info","message":{"__v":0,"_id":"621f7855904e1fdcd1cb1ddf","img":"https://bit.ly/2IcnSwz","name":"Swapnil Anant Bendal","summary":"Harry Potter and Dumbledore's warning about the return of Lord Voldemo..."},"timestamp":"2022-03-02T13:59:49.157Z"}
{"code":"ERR_HTTP_HEADERS_SENT","level":"error","timestamp":"2022-03-02T13:59:56.201Z"}
{"level":"info","message":"Connection Bulid","timestamp":"2022-03-02T14:03:34.423Z"}
{"level":"info","message":"Connection Bulid","timestamp":"2022-03-02T14:03:35.599Z"}
{"level":"info","message":"Connection Bulid","timestamp":"2022-03-02T14:03:36.877Z"}
{"level":"info","message":"Connection Bulid","timestamp":"2022-03-02T14:03:39.295Z"}
{"level":"info","message":"Connection Bulid","timestamp":"2022-03-02T14:03:47.840Z"}
{"level":"info","message":"Connection Bulid","timestamp":"2022-03-02T14:06:36.000Z"}
{"level":"info","message":"Connection Bulid","timestamp":"2022-03-02T14:06:39.917Z"}
{"level":"info","message":"Connection Bulid","timestamp":"2022-03-02T14:06:42.965Z"}
{"level":"info","message":"Connection Bulid","timestamp":"2022-03-02T14:06:44.422Z"}
{"level":"info","message":"Connection Bulid","timestamp":"2022-03-02T14:06:45.860Z"}
{"level":"info","message":"Connection Bulid","timestamp":"2022-03-02T14:07:01.301Z"}
{"level":"info","message":"Connection Bulid","timestamp":"2022-03-02T14:07:05.933Z"}
{"level":"info","message":"Connection Bulid","timestamp":"2022-03-02T14:07:08.509Z"}
{"level":"info","message":"Connection Bulid","timestamp":"2022-03-02T14:08:01.036Z"}
{"level":"info","message":"Connection Bulid","timestamp":"2022-03-02T14:08:03.504Z"}
{"level":"info","message":"Connection Bulid","timestamp":"2022-03-02T14:08:04.932Z"}
{"level":"info","message":"Connection Bulid","timestamp":"2022-03-02T14:08:10.168Z"}
{"level":"info","message":"Connection Bulid","timestamp":"2022-03-02T14:08:11.739Z"}
{"level":"info","message":"Connection Bulid","timestamp":"2022-03-02T14:08:12.844Z"}
{"code":"ERR_HTTP_HEADERS_SENT","level":"error","timestamp":"2022-03-02T14:08:17.805Z"}
{"level":"info","message":"Connection Bulid","timestamp":"2022-03-02T14:08:42.266Z"}
{"code":"ERR_HTTP_HEADERS_SENT","level":"error","timestamp":"2022-03-02T14:08:48.755Z"}
{"level":"info","message":"Connection Bulid","timestamp":"2022-03-02T14:09:36.672Z"}
{"level":"info","message":"Connection Bulid","timestamp":"2022-03-02T14:13:32.110Z"}
{"level":"info","message":"Connection Bulid","timestamp":"2022-03-02T14:13:33.430Z"}
{"level":"info","message":"Connection Bulid","timestamp":"2022-03-02T14:13:38.799Z"}
{"level":"info","message":"Connection Bulid","timestamp":"2022-03-02T14:13:45.010Z"}
{"level":"info","message":"Connection Bulid","timestamp":"2022-03-02T14:13:50.632Z"}
{"level":"info","message":"Connection Bulid","timestamp":"2022-03-02T14:13:52.332Z"}
{"level":"info","message":"Connection Bulid","timestamp":"2022-03-02T14:13:56.159Z"}
{"level":"info","message":"Connection Bulid","timestamp":"2022-03-02T14:13:58.301Z"}
{"level":"info","message":"Connection Bulid","timestamp":"2022-03-02T14:14:00.001Z"}
{"level":"info","message":"Connection Bulid","timestamp":"2022-03-02T14:14:03.029Z"}
{"level":"info","message":"Connection Bulid","timestamp":"2022-03-02T14:14:05.012Z"}
{"level":"info","message":"Connection Bulid","timestamp":"2022-03-02T14:14:06.660Z"}
{"level":"info","message":"Connection Bulid","timestamp":"2022-03-02T14:14:09.868Z"}
{"level":"info","message":"Connection Bulid","timestamp":"2022-03-02T14:14:12.003Z"}
{"level":"info","message":"Connection Bulid","timestamp":"2022-03-02T14:14:14.732Z"}
{"level":"info","message":"Connection Bulid","timestamp":"2022-03-02T14:14:15.972Z"}
{"level":"info","message":"Connection Bulid","timestamp":"2022-03-02T14:14:19.207Z"}
{"level":"info","message":"Connection Bulid","timestamp":"2022-03-02T14:14:23.837Z"}
{"level":"info","message":"Connection Bulid","timestamp":"2022-03-02T14:14:27.021Z"}
{"level":"info","message":"Connection Bulid","timestamp":"2022-03-02T14:14:29.565Z"}
{"level":"info","message":"Connection Bulid","timestamp":"2022-03-02T14:14:42.103Z"}
{"level":"info","message":"Connection Bulid","timestamp":"2022-03-02T14:14:43.548Z"}
{"code":"ERR_HTTP_HEADERS_SENT","level":"error","timestamp":"2022-03-02T14:15:57.388Z"}
{"level":"info","message":"Connection Bulid","timestamp":"2022-03-02T14:19:42.720Z"}
{"level":"info","message":"Connection Bulid","timestamp":"2022-03-03T06:53:16.498Z"}
{"code":"ERR_HTTP_HEADERS_SENT","level":"error","timestamp":"2022-03-03T06:53:51.496Z"}
{"level":"info","message":"Connection Bulid","timestamp":"2022-03-03T06:58:12.965Z"}
{"level":"info","message":"Connection Bulid","timestamp":"2022-03-03T06:58:18.945Z"}
{"level":"info","message":"Connection Bulid","timestamp":"2022-03-03T06:58:30.995Z"}
{"level":"info","message":"Connection Bulid","timestamp":"2022-03-03T06:58:35.960Z"}
{"level":"info","message":"Connection Bulid","timestamp":"2022-03-03T06:58:38.962Z"}
{"level":"info","message":"Connection Bulid","timestamp":"2022-03-03T06:58:43.232Z"}
{"level":"info","message":"Connection Bulid","timestamp":"2022-03-03T06:58:53.206Z"}
{"level":"info","message":"Connection Bulid","timestamp":"2022-03-03T06:59:02.437Z"}
{"level":"info","message":"Connection Bulid","timestamp":"2022-03-03T06:59:07.782Z"}
{"level":"info","message":"Connection Bulid","timestamp":"2022-03-03T06:59:11.088Z"}
{"level":"info","message":"Connection Bulid","timestamp":"2022-03-03T06:59:16.312Z"}
{"level":"info","message":"Connection Bulid","timestamp":"2022-03-03T06:59:23.318Z"}
{"level":"info","message":"Connection Bulid","timestamp":"2022-03-03T06:59:28.672Z"}
{"level":"info","message":"Connection Bulid","timestamp":"2022-03-03T06:59:33.215Z"}
{"level":"info","message":"Connection Bulid","timestamp":"2022-03-03T06:59:38.633Z"}
{"level":"info","message":"Connection Bulid","timestamp":"2022-03-03T06:59:44.625Z"}
{"level":"info","message":"Connection Bulid","timestamp":"2022-03-03T06:59:49.279Z"}
{"level":"info","message":"Connection Bulid","timestamp":"2022-03-03T06:59:54.219Z"}
{"level":"info","message":"Connection Bulid","timestamp":"2022-03-03T06:59:57.445Z"}
{"level":"info","message":"Connection Bulid","timestamp":"2022-03-03T07:03:44.467Z"}
{"level":"info","message":"Connection Bulid","timestamp":"2022-03-03T07:03:45.853Z"}
{"level":"info","message":"Connection Bulid","timestamp":"2022-03-03T07:03:53.083Z"}
{"level":"info","message":"Connection Bulid","timestamp":"2022-03-03T13:04:48.174Z"}
{"level":"info","message":"Connection Bulid","timestamp":"2022-03-03T13:04:51.239Z"}
{"level":"info","message":"Connection Bulid","timestamp":"2022-03-03T13:05:10.888Z"}
{"level":"info","message":"Connection Bulid","timestamp":"2022-03-03T13:05:33.574Z"}
{"level":"info","message":"Connection Bulid","timestamp":"2022-03-03T13:06:13.055Z"}
{"level":"info","message":"Connection Bulid","timestamp":"2022-03-03T13:06:45.364Z"}
{"level":"info","message":"Connection Bulid","timestamp":"2022-03-03T13:07:13.427Z"}
{"level":"info","message":"Connection Bulid","timestamp":"2022-03-03T13:07:17.949Z"}
{"level":"info","message":"Connection Bulid","timestamp":"2022-03-03T13:07:21.550Z"}
{"level":"info","message":"Connection Bulid","timestamp":"2022-03-03T13:07:45.564Z"}
{"level":"info","message":"Connection Bulid","timestamp":"2022-03-03T13:07:47.852Z"}
{"level":"info","message":"Connection Bulid","timestamp":"2022-03-03T13:08:00.526Z"}
{"level":"info","message":"Connection Bulid","timestamp":"2022-03-03T13:08:04.248Z"}
{"level":"info","message":"Connection Bulid","timestamp":"2022-03-03T13:08:05.897Z"}
{"level":"info","message":"Connection Bulid","timestamp":"2022-03-03T13:08:08.465Z"}
{"level":"info","message":"Connection Bulid","timestamp":"2022-03-03T13:08:24.416Z"}
{"level":"info","message":"Connection Bulid","timestamp":"2022-03-03T13:08:26.277Z"}
{"level":"info","message":"Connection Bulid","timestamp":"2022-03-03T13:08:31.141Z"}
{"level":"info","message":"Connection Bulid","timestamp":"2022-03-03T13:08:34.832Z"}
{"level":"info","message":"Connection Bulid","timestamp":"2022-03-03T13:08:35.878Z"}
{"level":"info","message":"Connection Bulid","timestamp":"2022-03-03T13:09:14.957Z"}
{"level":"info","message":"Connection Bulid","timestamp":"2022-03-03T13:10:51.105Z"}
{"level":"info","message":"Connection Bulid","timestamp":"2022-03-03T13:10:52.803Z"}
{"level":"info","message":"Connection Bulid","timestamp":"2022-03-03T13:10:54.457Z"}
{"level":"info","message":"Connection Bulid","timestamp":"2022-03-03T13:10:56.849Z"}
{"level":"info","message":"Connection Bulid","timestamp":"2022-03-03T13:10:58.331Z"}
{"level":"info","message":"Connection Bulid","timestamp":"2022-03-03T13:11:01.322Z"}
{"level":"info","timestamp":"2022-03-03T13:12:58.025Z"}
{"level":"info","timestamp":"2022-03-03T13:13:00.458Z"}
{"level":"info","message":"Connection Bulid","timestamp":"2022-03-03T13:13:03.287Z"}
{"level":"info","message":"Connection Bulid","timestamp":"2022-03-03T13:13:05.392Z"}
{"level":"info","message":"Connection Bulid","timestamp":"2022-03-03T13:13:18.239Z"}
{"level":"info","message":"Connection Bulid","timestamp":"2022-03-03T13:13:20.507Z"}
{"level":"info","message":"Connection Bulid","timestamp":"2022-03-03T13:19:41.032Z"}
{"level":"info","message":"Connection Bulid","timestamp":"2022-03-03T13:19:49.778Z"}
{"level":"info","message":"Connection Bulid","timestamp":"2022-03-03T13:20:59.655Z"}
{"level":"info","message":"Connection Bulid","timestamp":"2022-03-03T13:21:10.279Z"}
{"level":"info","message":"Connection Bulid","timestamp":"2022-03-03T13:21:13.094Z"}
{"level":"info","message":"Connection Bulid","timestamp":"2022-03-03T13:21:15.505Z"}
{"level":"info","message":"Connection Bulid","timestamp":"2022-03-03T13:21:16.974Z"}
{"level":"info","message":"Connection Bulid","timestamp":"2022-03-03T13:21:19.542Z"}
{"level":"info","message":"Connection Bulid","timestamp":"2022-03-03T13:21:21.575Z"}
{"level":"info","message":"Connection Bulid","timestamp":"2022-03-03T13:21:22.911Z"}
{"level":"info","message":"Connection Bulid","timestamp":"2022-03-03T13:21:29.057Z"}
{"level":"info","message":"Connection Bulid","timestamp":"2022-03-03T13:21:30.468Z"}
{"level":"info","message":"Connection Bulid","timestamp":"2022-03-03T16:21:15.861Z"}
{"level":"info","message":"Connection Bulid","timestamp":"2022-03-03T16:23:46.913Z"}
{"level":"info","message":"Connection Bulid","timestamp":"2022-03-03T16:28:19.655Z"}
{"level":"info","message":"Connection Bulid","timestamp":"2022-03-03T16:29:18.747Z"}
{"level":"info","message":"Connection Bulid","timestamp":"2022-03-03T16:30:37.546Z"}
{"level":"info","message":"Connection Bulid","timestamp":"2022-03-03T16:30:42.485Z"}
{"level":"info","message":"Connection Bulid","timestamp":"2022-03-03T16:30:45.322Z"}
{"level":"info","message":"Connection Bulid","timestamp":"2022-03-03T16:31:03.918Z"}
{"level":"info","message":"Connection Bulid","timestamp":"2022-03-03T16:33:28.887Z"}
{"level":"info","message":"Connection Bulid","timestamp":"2022-03-03T16:33:32.646Z"}
{"level":"info","message":"Connection Bulid","timestamp":"2022-03-03T16:33:34.652Z"}
{"level":"info","message":"Connection Bulid","timestamp":"2022-03-03T16:33:35.959Z"}
{"level":"info","message":"Connection Bulid","timestamp":"2022-03-03T16:33:39.253Z"}
{"level":"info","message":"Connection Bulid","timestamp":"2022-03-03T16:33:41.969Z"}
{"level":"info","message":"Connection Bulid","timestamp":"2022-03-03T16:33:43.294Z"}
{"level":"info","message":"Connection Bulid","timestamp":"2022-03-03T16:33:44.711Z"}
{"level":"info","message":"Connection Bulid","timestamp":"2022-03-03T16:33:46.967Z"}
{"level":"info","message":"Connection Bulid","timestamp":"2022-03-03T16:33:50.848Z"}
{"level":"info","message":"Connection Bulid","timestamp":"2022-03-03T16:35:25.033Z"}
{"level":"info","message":"Connection Bulid","timestamp":"2022-03-03T16:35:33.218Z"}
{"level":"info","message":"Connection Bulid","timestamp":"2022-03-03T16:35:36.922Z"}
{"level":"info","message":"Connection Bulid","timestamp":"2022-03-03T16:35:41.215Z"}
{"level":"info","message":"Connection Bulid","timestamp":"2022-03-03T16:35:44.186Z"}
{"level":"info","message":"Connection Bulid","timestamp":"2022-03-03T16:35:46.537Z"}
{"level":"info","message":"Connection Bulid","timestamp":"2022-03-03T16:35:49.511Z"}
{"level":"info","message":"Connection Bulid","timestamp":"2022-03-03T16:35:51.108Z"}
{"level":"info","message":"Connection Bulid","timestamp":"2022-03-03T16:36:42.795Z"}
{"level":"info","message":"Connection Bulid","timestamp":"2022-03-03T16:39:39.026Z"}
{"level":"info","message":"Connection Bulid","timestamp":"2022-03-03T16:39:41.653Z"}
{"level":"info","message":"Connection Bulid","timestamp":"2022-03-03T16:39:45.311Z"}
{"level":"info","message":"Connection Bulid","timestamp":"2022-03-03T16:39:47.499Z"}
{"level":"info","message":"Connection Bulid","timestamp":"2022-03-03T16:39:52.634Z"}
{"level":"info","message":"Connection Bulid","timestamp":"2022-03-03T16:39:54.169Z"}
{"level":"info","message":"Connection Bulid","timestamp":"2022-03-03T16:39:59.785Z"}
{"level":"info","message":"Connection Bulid","timestamp":"2022-03-03T16:40:09.579Z"}
{"level":"info","message":"Connection Bulid","timestamp":"2022-03-03T16:40:38.128Z"}
{"level":"info","message":"Connection Bulid","timestamp":"2022-03-03T16:40:42.405Z"}
{"level":"info","message":"Connection Bulid","timestamp":"2022-03-03T16:40:58.181Z"}
{"level":"info","message":"Connection Bulid","timestamp":"2022-03-03T16:41:13.985Z"}
{"level":"info","message":"Connection Bulid","timestamp":"2022-03-03T16:41:15.766Z"}
{"level":"info","message":"Connection Bulid","timestamp":"2022-03-03T16:41:21.110Z"}
{"level":"info","message":"Connection Bulid","timestamp":"2022-03-03T16:41:23.944Z"}
{"level":"info","message":"Connection Bulid","timestamp":"2022-03-03T16:41:25.977Z"}
{"level":"info","message":"Connection Bulid","timestamp":"2022-03-03T16:41:48.946Z"}
{"level":"info","message":"Connection Bulid","timestamp":"2022-03-03T16:41:50.316Z"}
{"level":"info","message":"Connection Bulid","timestamp":"2022-03-03T16:42:11.237Z"}
{"level":"info","message":"Connection Bulid","timestamp":"2022-03-03T16:42:13.399Z"}
{"level":"info","message":"Connection Bulid","timestamp":"2022-03-03T16:42:15.359Z"}
{"level":"info","message":"Connection Bulid","timestamp":"2022-03-03T16:42:17.523Z"}
{"level":"info","message":"Connection Bulid","timestamp":"2022-03-03T16:42:26.134Z"}
{"level":"info","message":"Connection Bulid","timestamp":"2022-03-03T16:42:32.433Z"}
{"level":"info","message":"Connection Bulid","timestamp":"2022-03-03T16:42:34.599Z"}
{"level":"info","message":"Connection Bulid","timestamp":"2022-03-03T16:42:36.261Z"}
{"level":"info","message":"Connection Bulid","timestamp":"2022-03-03T16:42:38.308Z"}
{"level":"info","message":"Connection Bulid","timestamp":"2022-03-03T16:42:42.427Z"}
{"level":"info","message":"Connection Bulid","timestamp":"2022-03-03T16:42:45.458Z"}
{"level":"info","message":"Connection Bulid","timestamp":"2022-03-03T16:42:48.253Z"}
{"level":"info","message":"Connection Bulid","timestamp":"2022-03-03T16:42:50.697Z"}
{"level":"info","message":"Connection Bulid","timestamp":"2022-03-03T16:43:29.153Z"}
{"level":"info","message":"Connection Bulid","timestamp":"2022-03-03T16:43:30.251Z"}
{"level":"info","message":"Connection Bulid","timestamp":"2022-03-03T16:44:51.920Z"}
{"level":"info","message":"Connection Bulid","timestamp":"2022-03-03T16:44:53.610Z"}
{"level":"info","message":"Connection Bulid","timestamp":"2022-03-03T16:47:11.706Z"}
{"level":"info","message":"Connection Bulid","timestamp":"2022-03-03T16:48:57.929Z"}
{"level":"info","message":"Connection Bulid","timestamp":"2022-03-03T16:49:05.265Z"}
{"level":"info","message":"Connection Bulid","timestamp":"2022-03-03T16:49:10.444Z"}
{"level":"info","message":"Connection Bulid","timestamp":"2022-03-03T16:49:26.257Z"}
{"level":"info","message":"Connection Bulid","timestamp":"2022-03-03T16:49:32.528Z"}
{"level":"info","message":"Connection Bulid","timestamp":"2022-03-03T16:50:25.988Z"}
{"level":"info","message":"Connection Bulid","timestamp":"2022-03-03T16:52:34.001Z"}
{"level":"info","message":"Connection Bulid","timestamp":"2022-03-03T16:54:07.340Z"}
{"level":"info","message":"Connection Bulid","timestamp":"2022-03-03T16:54:08.619Z"}
{"level":"info","message":"Connection Bulid","timestamp":"2022-03-03T16:54:30.808Z"}
{"level":"info","message":"Connection Bulid","timestamp":"2022-03-03T16:54:48.598Z"}
{"level":"info","message":"Connection Bulid","timestamp":"2022-03-03T16:54:59.355Z"}
{"level":"info","message":"Connection Bulid","timestamp":"2022-03-03T16:55:08.958Z"}
{"level":"info","message":"Connection Bulid","timestamp":"2022-03-03T16:55:11.045Z"}
{"kind":"ObjectId","level":"error","path":"_id","reason":{},"stringValue":"\"1646326366864-any-name-2021-09-02\"","timestamp":"2022-03-03T17:05:32.490Z","value":"1646326366864-any-name-2021-09-02","valueType":"string"}
{"level":"info","message":"Connection Bulid","timestamp":"2022-03-03T17:06:23.312Z"}
{"level":"info","message":"Connection Bulid","timestamp":"2022-03-03T17:06:26.101Z"}
{"level":"info","message":"Connection Bulid","timestamp":"2022-03-03T17:06:28.866Z"}
{"level":"info","message":"Connection Bulid","timestamp":"2022-03-03T17:06:33.305Z"}
{"level":"info","message":"Connection Bulid","timestamp":"2022-03-03T17:06:39.520Z"}
{"level":"info","message":"Connection Bulid","timestamp":"2022-03-03T17:06:43.805Z"}
{"level":"info","message":"Connection Bulid","timestamp":"2022-03-03T17:07:27.477Z"}
{"level":"info","message":"Connection Bulid","timestamp":"2022-03-03T17:07:29.065Z"}
{"level":"info","message":"Connection Bulid","timestamp":"2022-03-03T17:07:31.915Z"}
{"level":"info","message":"Connection Bulid","timestamp":"2022-03-03T17:07:34.959Z"}
{"level":"info","message":"Connection Bulid","timestamp":"2022-03-03T17:07:40.038Z"}
{"level":"info","message":"Connection Bulid","timestamp":"2022-03-03T17:18:51.027Z"}
{"level":"info","message":"Connection Bulid","timestamp":"2022-03-03T17:18:52.827Z"}
{"level":"info","message":"Connection Bulid","timestamp":"2022-03-03T17:20:08.440Z"}
{"level":"info","message":"Connection Bulid","timestamp":"2022-03-03T17:20:16.212Z"}
{"level":"info","message":"Connection Bulid","timestamp":"2022-03-03T17:20:18.176Z"}
{"level":"info","message":"Connection Bulid","timestamp":"2022-03-03T17:21:22.409Z"}
{"level":"info","message":"Connection Bulid","timestamp":"2022-03-03T17:25:06.928Z"}
{"level":"info","message":"Connection Bulid","timestamp":"2022-03-03T17:25:11.028Z"}
{"level":"info","message":"Connection Bulid","timestamp":"2022-03-03T17:25:24.024Z"}
{"level":"info","message":"Connection Bulid","timestamp":"2022-03-03T17:25:26.166Z"}
{"level":"info","message":"Connection Bulid","timestamp":"2022-03-03T17:25:31.555Z"}
{"level":"info","message":"Connection Bulid","timestamp":"2022-03-03T17:25:34.409Z"}
{"level":"info","message":"Connection Bulid","timestamp":"2022-03-03T17:25:53.908Z"}
{"level":"info","message":"Connection Bulid","timestamp":"2022-03-03T17:25:57.952Z"}
{"level":"info","message":"Connection Bulid","timestamp":"2022-03-03T17:25:59.586Z"}
{"level":"info","message":"Connection Bulid","timestamp":"2022-03-03T17:26:02.864Z"}
{"level":"info","message":"Connection Bulid","timestamp":"2022-03-03T17:26:22.695Z"}
{"level":"info","message":"Connection Bulid","timestamp":"2022-03-03T17:26:25.935Z"}
{"level":"info","message":"Connection Bulid","timestamp":"2022-03-03T17:26:36.463Z"}
{"level":"info","message":"Connection Bulid","timestamp":"2022-03-03T17:26:55.970Z"}
{"level":"info","message":"Connection Bulid","timestamp":"2022-03-03T17:27:25.044Z"}
{"level":"info","message":"Connection Bulid","timestamp":"2022-03-03T17:27:25.953Z"}
{"level":"error","timestamp":"2022-03-03T17:29:04.819Z"}
{"level":"info","message":"Connection Bulid","timestamp":"2022-03-03T17:29:30.087Z"}
{"level":"info","message":"Connection Bulid","timestamp":"2022-03-03T17:29:33.434Z"}
{"code":66,"codeName":"ImmutableField","level":"error","ok":0,"timestamp":"2022-03-03T17:29:42.484Z"}
{"code":66,"codeName":"ImmutableField","level":"error","ok":0,"timestamp":"2022-03-03T17:29:44.064Z"}
{"level":"info","message":"Connection Bulid","timestamp":"2022-03-03T17:30:45.232Z"}
{"level":"info","message":"Connection Bulid","timestamp":"2022-03-03T17:34:18.242Z"}
{"code":66,"codeName":"ImmutableField","level":"error","ok":0,"timestamp":"2022-03-03T17:34:38.790Z"}
{"code":66,"codeName":"ImmutableField","level":"error","ok":0,"timestamp":"2022-03-03T17:42:19.811Z"}
{"level":"info","message":"Connection Bulid","timestamp":"2022-03-03T17:43:08.090Z"}
{"level":"info","message":"Connection Bulid","timestamp":"2022-03-03T17:43:11.267Z"}
{"level":"info","message":"Connection Bulid","timestamp":"2022-03-03T17:43:15.609Z"}
{"code":66,"codeName":"ImmutableField","level":"error","ok":0,"timestamp":"2022-03-03T17:43:18.654Z"}
{"code":66,"codeName":"ImmutableField","level":"error","ok":0,"timestamp":"2022-03-03T17:43:53.325Z"}
{"level":"info","message":"Connection Bulid","timestamp":"2022-03-03T17:44:31.114Z"}
{"level":"info","message":"Connection Bulid","timestamp":"2022-03-03T17:44:34.474Z"}
{"level":"info","message":"Connection Bulid","timestamp":"2022-03-03T17:45:01.769Z"}
{"level":"info","message":"Connection Bulid","timestamp":"2022-03-03T17:45:10.331Z"}
{"level":"error","timestamp":"2022-03-03T17:45:13.666Z"}
{"level":"info","message":"Connection Bulid","timestamp":"2022-03-03T17:45:23.136Z"}
{"level":"error","timestamp":"2022-03-03T17:45:30.315Z"}
{"level":"info","message":"Connection Bulid","timestamp":"2022-03-03T17:45:40.447Z"}
{"level":"info","message":"Connection Bulid","timestamp":"2022-03-03T17:45:41.798Z"}
{"level":"info","message":"Connection Bulid","timestamp":"2022-03-03T17:45:45.567Z"}
{"level":"info","message":"Connection Bulid","timestamp":"2022-03-03T17:45:46.678Z"}
{"level":"info","message":"Connection Bulid","timestamp":"2022-03-03T17:46:25.696Z"}
{"level":"info","message":"Connection Bulid","timestamp":"2022-03-03T17:46:27.264Z"}
{"level":"error","timestamp":"2022-03-03T17:46:30.676Z"}
{"level":"error","timestamp":"2022-03-03T17:46:35.897Z"}
{"level":"error","timestamp":"2022-03-03T17:46:36.613Z"}
{"level":"error","timestamp":"2022-03-03T17:46:38.762Z"}
{"level":"error","timestamp":"2022-03-03T17:47:39.176Z"}
{"level":"info","message":"Connection Bulid","timestamp":"2022-03-03T17:48:52.613Z"}
{"level":"info","message":"Connection Bulid","timestamp":"2022-03-03T17:48:53.883Z"}
{"level":"info","message":"Connection Bulid","timestamp":"2022-03-03T17:49:27.491Z"}
{"level":"info","message":"Connection Bulid","timestamp":"2022-03-03T17:49:29.301Z"}
{"level":"info","message":"Connection Bulid","timestamp":"2022-03-03T17:49:32.580Z"}
{"level":"info","message":"Connection Bulid","timestamp":"2022-03-03T17:49:41.608Z"}
{"level":"info","message":"Connection Bulid","timestamp":"2022-03-03T17:50:32.465Z"}
{"level":"info","message":"Connection Bulid","timestamp":"2022-03-03T17:50:35.242Z"}
{"level":"info","message":"Connection Bulid","timestamp":"2022-03-03T17:50:38.273Z"}
{"level":"info","message":"Connection Bulid","timestamp":"2022-03-03T17:50:42.052Z"}
{"level":"error","timestamp":"2022-03-03T17:50:52.648Z"}
{"level":"info","message":"Connection Bulid","timestamp":"2022-03-03T17:51:04.948Z"}
{"level":"info","message":"Connection Bulid","timestamp":"2022-03-03T17:51:15.056Z"}
{"level":"info","message":"Connection Bulid","timestamp":"2022-03-03T17:51:16.109Z"}
{"level":"info","message":"Connection Bulid","timestamp":"2022-03-03T17:51:29.043Z"}
{"level":"info","message":"Connection Bulid","timestamp":"2022-03-03T17:51:32.886Z"}
{"level":"info","message":"Connection Bulid","timestamp":"2022-03-03T17:51:41.068Z"}
{"level":"info","message":"Connection Bulid","timestamp":"2022-03-03T17:51:46.190Z"}
{"level":"info","message":"Connection Bulid","timestamp":"2022-03-03T17:51:58.276Z"}
{"level":"info","message":"Connection Bulid","timestamp":"2022-03-03T17:52:38.359Z"}
{"level":"info","message":"Connection Bulid","timestamp":"2022-03-03T17:52:44.965Z"}
{"level":"info","message":"Connection Bulid","timestamp":"2022-03-03T17:52:46.463Z"}
{"level":"info","message":"Connection Bulid","timestamp":"2022-03-03T17:52:53.180Z"}
{"level":"info","message":"Connection Bulid","timestamp":"2022-03-03T17:52:56.548Z"}
{"level":"info","message":"Connection Bulid","timestamp":"2022-03-03T17:52:57.430Z"}
{"level":"info","message":"Connection Bulid","timestamp":"2022-03-03T17:53:43.206Z"}
{"level":"info","message":"Connection Bulid","timestamp":"2022-03-03T17:53:45.027Z"}
{"code":66,"codeName":"ImmutableField","level":"error","ok":0,"timestamp":"2022-03-03T17:53:47.941Z"}
{"level":"info","message":"Connection Bulid","timestamp":"2022-03-03T17:53:56.362Z"}
{"level":"info","message":"Connection Bulid","timestamp":"2022-03-03T17:54:03.482Z"}
{"level":"info","message":"Connection Bulid","timestamp":"2022-03-03T17:54:07.011Z"}
{"level":"info","message":"Connection Bulid","timestamp":"2022-03-03T17:54:49.682Z"}
{"level":"info","message":"Connection Bulid","timestamp":"2022-03-03T17:54:53.636Z"}
{"level":"info","message":"Connection Bulid","timestamp":"2022-03-03T17:55:06.521Z"}
{"level":"info","message":"Connection Bulid","timestamp":"2022-03-03T17:55:10.392Z"}
{"level":"info","message":"Connection Bulid","timestamp":"2022-03-03T18:59:08.983Z"}
{"level":"info","message":"Connection Bulid","timestamp":"2022-03-03T18:59:13.117Z"}
{"level":"info","message":"Connection Bulid","timestamp":"2022-03-03T18:59:17.720Z"}
{"level":"info","message":"Connection Bulid","timestamp":"2022-03-03T18:59:21.571Z"}
{"level":"info","message":"Connection Bulid","timestamp":"2022-03-03T18:59:23.019Z"}
{"level":"info","message":"Connection Bulid","timestamp":"2022-03-03T19:02:09.195Z"}
{"level":"info","message":"Connection Bulid","timestamp":"2022-03-03T19:02:10.592Z"}
{"level":"info","message":"Connection Bulid","timestamp":"2022-03-03T19:02:17.250Z"}
{"level":"info","message":"Connection Bulid","timestamp":"2022-03-03T19:31:58.114Z"}
{"level":"info","message":"Connection Bulid","timestamp":"2022-03-03T19:32:35.709Z"}
{"level":"info","message":"Connection Bulid","timestamp":"2022-03-03T19:32:41.772Z"}
{"level":"info","message":"Connection Bulid","timestamp":"2022-03-03T19:32:44.172Z"}
{"level":"info","message":"Connection Bulid","timestamp":"2022-03-03T19:32:46.726Z"}
{"level":"info","message":"Connection Bulid","timestamp":"2022-03-03T19:32:51.585Z"}
{"level":"info","message":"Connection Bulid","timestamp":"2022-03-03T19:36:37.040Z"}
{"level":"info","message":"Connection Bulid","timestamp":"2022-03-03T19:36:49.507Z"}
{"level":"info","message":"Connection Bulid","timestamp":"2022-03-03T19:38:50.512Z"}
{"level":"info","message":"Connection Bulid","timestamp":"2022-03-03T19:38:57.393Z"}
{"level":"info","message":"Connection Bulid","timestamp":"2022-03-03T19:39:02.486Z"}
{"level":"info","message":"Connection Bulid","timestamp":"2022-03-03T19:39:03.452Z"}
{"level":"info","message":"Connection Bulid","timestamp":"2022-03-03T19:39:05.729Z"}
{"level":"info","message":"Connection Bulid","timestamp":"2022-03-03T19:39:10.656Z"}
{"level":"info","message":"Connection Bulid","timestamp":"2022-03-03T19:39:19.383Z"}
{"level":"info","message":"Connection Bulid","timestamp":"2022-03-03T19:39:34.290Z"}
{"level":"info","message":"Connection Bulid","timestamp":"2022-03-03T19:39:38.492Z"}
{"level":"info","message":"Connection Bulid","timestamp":"2022-03-03T19:39:48.122Z"}
{"level":"info","message":"Connection Bulid","timestamp":"2022-03-03T19:39:50.447Z"}
{"level":"info","message":"Connection Bulid","timestamp":"2022-03-03T19:39:52.525Z"}
{"level":"info","message":"Connection Bulid","timestamp":"2022-03-03T19:40:24.499Z"}
{"level":"info","message":"Connection Bulid","timestamp":"2022-03-03T19:40:26.967Z"}
{"level":"info","message":"Connection Bulid","timestamp":"2022-03-03T19:40:28.713Z"}
{"level":"info","message":"Connection Bulid","timestamp":"2022-03-03T19:40:31.719Z"}
{"level":"info","message":"Connection Bulid","timestamp":"2022-03-03T19:41:18.022Z"}
{"level":"info","message":"Connection Bulid","timestamp":"2022-03-03T19:41:19.132Z"}
{"level":"info","message":"Connection Bulid","timestamp":"2022-03-03T19:41:21.211Z"}
{"level":"info","message":"Connection Bulid","timestamp":"2022-03-03T19:42:50.892Z"}
{"level":"info","message":"Connection Bulid","timestamp":"2022-03-03T19:42:54.011Z"}
{"level":"info","message":"Connection Bulid","timestamp":"2022-03-03T19:42:59.496Z"}
{"level":"info","message":"Connection Bulid","timestamp":"2022-03-03T19:43:08.252Z"}
{"level":"info","message":"Connection Bulid","timestamp":"2022-03-03T19:43:12.684Z"}
{"level":"info","message":"Connection Bulid","timestamp":"2022-03-03T19:43:15.454Z"}
{"level":"info","message":"Connection Bulid","timestamp":"2022-03-03T19:43:52.305Z"}
{"level":"info","message":"Connection Bulid","timestamp":"2022-03-03T19:43:53.683Z"}
{"level":"info","message":"Connection Bulid","timestamp":"2022-03-03T19:43:57.313Z"}
{"level":"info","message":"Connection Bulid","timestamp":"2022-03-03T19:44:02.984Z"}
{"level":"info","message":"Connection Bulid","timestamp":"2022-03-03T19:44:04.521Z"}
{"level":"info","message":"Connection Bulid","timestamp":"2022-03-03T19:44:05.602Z"}
{"level":"info","message":"Connection Bulid","timestamp":"2022-03-03T19:44:36.719Z"}
{"level":"info","message":"Connection Bulid","timestamp":"2022-03-03T19:44:37.959Z"}
{"level":"info","message":"Connection Bulid","timestamp":"2022-03-03T19:44:40.386Z"}
{"level":"info","message":"Connection Bulid","timestamp":"2022-03-03T19:44:42.270Z"}
{"level":"info","message":"Connection Bulid","timestamp":"2022-03-03T19:44:51.340Z"}
{"level":"info","message":"Connection Bulid","timestamp":"2022-03-03T19:44:53.446Z"}
{"level":"info","message":"Connection Bulid","timestamp":"2022-03-03T19:44:58.961Z"}
{"level":"info","message":"Connection Bulid","timestamp":"2022-03-03T19:45:18.883Z"}
{"level":"info","message":"Connection Bulid","timestamp":"2022-03-03T19:46:53.107Z"}
{"level":"info","message":"Connection Bulid","timestamp":"2022-03-03T19:46:56.285Z"}
{"level":"info","message":"Connection Bulid","timestamp":"2022-03-03T19:47:01.415Z"}
{"level":"info","message":"Connection Bulid","timestamp":"2022-03-03T19:47:04.538Z"}
{"level":"info","message":"Connection Bulid","timestamp":"2022-03-03T19:47:07.651Z"}
{"level":"info","message":"Connection Bulid","timestamp":"2022-03-03T19:47:10.691Z"}
{"level":"info","message":"Connection Bulid","timestamp":"2022-03-03T19:47:12.161Z"}
{"level":"info","message":"Connection Bulid","timestamp":"2022-03-03T19:47:19.943Z"}
{"level":"info","message":"Connection Bulid","timestamp":"2022-03-03T19:47:23.021Z"}
{"level":"info","message":"Connection Bulid","timestamp":"2022-03-03T19:47:24.743Z"}
{"level":"info","message":"Connection Bulid","timestamp":"2022-03-03T19:47:42.219Z"}
{"level":"info","message":"Connection Bulid","timestamp":"2022-03-03T19:47:46.615Z"}
{"level":"info","message":"Connection Bulid","timestamp":"2022-03-03T19:47:50.022Z"}
{"level":"info","message":"Connection Bulid","timestamp":"2022-03-03T19:47:58.881Z"}
{"level":"info","message":"Connection Bulid","timestamp":"2022-03-03T19:48:01.264Z"}
{"level":"info","message":"Connection Bulid","timestamp":"2022-03-03T19:48:06.594Z"}
{"level":"info","message":"Connection Bulid","timestamp":"2022-03-03T19:48:07.863Z"}
{"level":"info","message":"Connection Bulid","timestamp":"2022-03-03T19:48:09.651Z"}
{"level":"info","message":"Connection Bulid","timestamp":"2022-03-03T19:48:12.170Z"}
{"level":"info","message":"Connection Bulid","timestamp":"2022-03-03T19:48:13.592Z"}
{"level":"info","message":"Connection Bulid","timestamp":"2022-03-03T19:48:16.100Z"}
{"level":"info","message":"Connection Bulid","timestamp":"2022-03-03T19:48:17.481Z"}
{"level":"info","message":"Connection Bulid","timestamp":"2022-03-03T19:48:25.310Z"}
{"level":"info","message":"Connection Bulid","timestamp":"2022-03-03T19:48:28.225Z"}
{"level":"info","message":"Connection Bulid","timestamp":"2022-03-03T19:48:29.477Z"}
{"level":"info","message":"Connection Bulid","timestamp":"2022-03-03T19:48:31.280Z"}
{"level":"info","message":"Connection Bulid","timestamp":"2022-03-03T19:48:49.522Z"}
{"level":"info","message":"Connection Bulid","timestamp":"2022-03-03T19:48:51.501Z"}
{"level":"info","message":"Connection Bulid","timestamp":"2022-03-03T19:48:59.495Z"}
{"level":"info","message":"Connection Bulid","timestamp":"2022-03-03T19:49:14.096Z"}
{"level":"info","message":"Connection Bulid","timestamp":"2022-03-03T19:49:18.710Z"}
{"level":"info","message":"Connection Bulid","timestamp":"2022-03-03T19:49:20.458Z"}
{"level":"info","message":"Connection Bulid","timestamp":"2022-03-03T19:49:21.780Z"}
{"level":"info","message":"Connection Bulid","timestamp":"2022-03-03T19:49:25.169Z"}
{"level":"info","message":"Connection Bulid","timestamp":"2022-03-03T19:49:28.321Z"}
{"level":"info","message":"Connection Bulid","timestamp":"2022-03-03T19:49:33.077Z"}
{"level":"info","message":"Connection Bulid","timestamp":"2022-03-03T19:49:45.038Z"}
{"level":"info","message":"Connection Bulid","timestamp":"2022-03-03T19:49:47.026Z"}
{"level":"info","message":"Connection Bulid","timestamp":"2022-03-03T19:50:37.900Z"}
{"level":"info","message":"Connection Bulid","timestamp":"2022-03-03T19:50:39.570Z"}
{"level":"info","message":"Connection Bulid","timestamp":"2022-03-03T19:50:52.241Z"}
{"level":"info","message":"Connection Bulid","timestamp":"2022-03-03T19:51:10.256Z"}
{"level":"info","message":"Connection Bulid","timestamp":"2022-03-03T19:51:16.033Z"}
{"level":"info","message":"Connection Bulid","timestamp":"2022-03-03T19:51:20.149Z"}
{"level":"info","message":"Connection Bulid","timestamp":"2022-03-03T19:51:23.105Z"}
{"level":"info","message":"Connection Bulid","timestamp":"2022-03-03T19:51:25.320Z"}
{"level":"info","message":"Connection Bulid","timestamp":"2022-03-03T19:51:28.440Z"}
{"level":"info","message":"Connection Bulid","timestamp":"2022-03-03T19:51:30.649Z"}
{"level":"info","message":"Connection Bulid","timestamp":"2022-03-03T19:51:33.605Z"}
{"level":"info","message":"Connection Bulid","timestamp":"2022-03-03T19:51:36.057Z"}
{"level":"info","message":"Connection Bulid","timestamp":"2022-03-03T19:51:38.896Z"}
{"level":"info","message":"Connection Bulid","timestamp":"2022-03-03T19:51:40.217Z"}
{"level":"info","message":"Connection Bulid","timestamp":"2022-03-03T19:51:55.450Z"}
{"level":"info","message":"Connection Bulid","timestamp":"2022-03-03T19:51:56.115Z"}
{"level":"info","message":"Connection Bulid","timestamp":"2022-03-03T19:52:37.701Z"}
{"level":"info","message":"Connection Bulid","timestamp":"2022-03-03T19:52:45.078Z"}
{"level":"info","message":"Connection Bulid","timestamp":"2022-03-03T19:52:47.658Z"}
{"level":"info","message":"Connection Bulid","timestamp":"2022-03-03T19:52:50.875Z"}
{"level":"info","message":"Connection Bulid","timestamp":"2022-03-03T19:53:10.926Z"}
{"level":"info","message":"Connection Bulid","timestamp":"2022-03-03T19:53:13.271Z"}
{"level":"info","message":"Connection Bulid","timestamp":"2022-03-03T19:53:15.620Z"}
{"level":"info","message":"Connection Bulid","timestamp":"2022-03-03T19:53:17.766Z"}
{"level":"info","message":"Connection Bulid","timestamp":"2022-03-03T19:53:18.948Z"}
{"level":"info","message":"Connection Bulid","timestamp":"2022-03-03T19:53:23.333Z"}
{"level":"info","message":"Connection Bulid","timestamp":"2022-03-03T19:53:25.942Z"}
{"level":"info","message":"Connection Bulid","timestamp":"2022-03-03T19:53:35.627Z"}
{"level":"info","message":"Connection Bulid","timestamp":"2022-03-03T19:53:36.729Z"}
{"level":"info","message":"Connection Bulid","timestamp":"2022-03-03T19:53:38.807Z"}
{"level":"info","message":"Connection Bulid","timestamp":"2022-03-03T19:53:41.413Z"}
{"level":"info","message":"Connection Bulid","timestamp":"2022-03-03T19:53:42.733Z"}
{"level":"info","message":"Connection Bulid","timestamp":"2022-03-03T19:53:44.131Z"}
{"level":"info","message":"Connection Bulid","timestamp":"2022-03-03T19:53:46.644Z"}
{"level":"info","message":"Connection Bulid","timestamp":"2022-03-03T19:53:48.371Z"}
{"level":"info","message":"Connection Bulid","timestamp":"2022-03-03T19:53:49.531Z"}
{"level":"info","message":"Connection Bulid","timestamp":"2022-03-03T19:53:51.742Z"}
{"level":"info","message":"Connection Bulid","timestamp":"2022-03-03T19:53:53.646Z"}
{"level":"info","message":"Connection Bulid","timestamp":"2022-03-03T19:53:55.110Z"}
{"level":"info","message":"Connection Bulid","timestamp":"2022-03-03T19:54:02.067Z"}
{"level":"info","message":"Connection Bulid","timestamp":"2022-03-03T19:54:04.436Z"}
{"level":"info","message":"Connection Bulid","timestamp":"2022-03-03T19:54:09.991Z"}
{"level":"info","message":"Connection Bulid","timestamp":"2022-03-03T19:54:20.885Z"}
{"level":"info","message":"Connection Bulid","timestamp":"2022-03-03T19:54:23.188Z"}
{"level":"info","message":"Connection Bulid","timestamp":"2022-03-03T19:54:24.308Z"}
{"level":"info","message":"Connection Bulid","timestamp":"2022-03-03T19:54:26.026Z"}
{"level":"info","message":"Connection Bulid","timestamp":"2022-03-03T19:54:27.712Z"}
{"level":"info","message":"Connection Bulid","timestamp":"2022-03-03T19:54:28.928Z"}
{"level":"info","message":"Connection Bulid","timestamp":"2022-03-03T19:54:29.963Z"}
{"level":"info","message":"Connection Bulid","timestamp":"2022-03-03T19:54:31.648Z"}
{"level":"info","message":"Connection Bulid","timestamp":"2022-03-03T19:54:35.360Z"}
{"level":"info","message":"Connection Bulid","timestamp":"2022-03-03T19:54:37.168Z"}
{"level":"info","message":"Connection Bulid","timestamp":"2022-03-03T19:54:40.314Z"}
{"level":"info","message":"Connection Bulid","timestamp":"2022-03-03T19:54:42.891Z"}
{"level":"info","message":"Connection Bulid","timestamp":"2022-03-03T19:54:45.776Z"}
{"level":"info","message":"Connection Bulid","timestamp":"2022-03-03T19:54:46.783Z"}
{"level":"info","message":"Connection Bulid","timestamp":"2022-03-03T19:54:48.979Z"}
{"level":"info","message":"Connection Bulid","timestamp":"2022-03-03T19:54:50.788Z"}
{"level":"info","message":"Connection Bulid","timestamp":"2022-03-03T19:54:51.694Z"}
{"level":"info","message":"Connection Bulid","timestamp":"2022-03-03T19:54:53.021Z"}
{"level":"info","message":"Connection Bulid","timestamp":"2022-03-03T19:54:54.249Z"}
{"level":"info","message":"Connection Bulid","timestamp":"2022-03-03T19:54:55.524Z"}
{"level":"info","message":"Connection Bulid","timestamp":"2022-03-03T19:54:57.574Z"}
{"level":"info","message":"Connection Bulid","timestamp":"2022-03-03T19:55:07.396Z"}
{"level":"info","message":"Connection Bulid","timestamp":"2022-03-03T19:55:11.401Z"}
{"level":"info","message":"Connection Bulid","timestamp":"2022-03-03T19:55:17.395Z"}
{"level":"info","message":"Connection Bulid","timestamp":"2022-03-03T19:55:18.801Z"}
{"level":"info","message":"Connection Bulid","timestamp":"2022-03-03T19:55:21.747Z"}
{"level":"info","message":"Connection Bulid","timestamp":"2022-03-03T19:55:23.114Z"}
{"level":"info","message":"Connection Bulid","timestamp":"2022-03-03T19:55:24.837Z"}
{"level":"info","message":"Connection Bulid","timestamp":"2022-03-03T19:55:26.229Z"}
{"level":"info","message":"Connection Bulid","timestamp":"2022-03-03T19:55:27.771Z"}
{"level":"info","message":"Connection Bulid","timestamp":"2022-03-03T19:55:29.484Z"}
{"level":"info","message":"Connection Bulid","timestamp":"2022-03-03T19:55:32.143Z"}
{"level":"info","message":"Connection Bulid","timestamp":"2022-03-03T19:55:35.042Z"}
{"level":"info","message":"Connection Bulid","timestamp":"2022-03-03T19:55:37.023Z"}
{"level":"info","message":"Connection Bulid","timestamp":"2022-03-03T19:55:38.889Z"}
{"level":"info","message":"Connection Bulid","timestamp":"2022-03-03T19:55:42.686Z"}
{"level":"info","message":"Connection Bulid","timestamp":"2022-03-03T19:55:46.238Z"}
{"level":"info","message":"Connection Bulid","timestamp":"2022-03-03T19:55:48.785Z"}
{"level":"info","message":"Connection Bulid","timestamp":"2022-03-03T19:55:51.349Z"}
{"level":"info","message":"Connection Bulid","timestamp":"2022-03-03T19:55:52.972Z"}
{"level":"info","message":"Connection Bulid","timestamp":"2022-03-03T19:55:57.042Z"}
{"level":"info","message":"Connection Bulid","timestamp":"2022-03-03T19:55:58.284Z"}
{"level":"info","message":"Connection Bulid","timestamp":"2022-03-03T19:56:00.186Z"}
{"level":"info","message":"Connection Bulid","timestamp":"2022-03-03T19:56:01.784Z"}
{"level":"info","message":"Connection Bulid","timestamp":"2022-03-03T19:56:02.916Z"}
{"level":"info","message":"Connection Bulid","timestamp":"2022-03-03T19:56:03.969Z"}
{"level":"info","message":"Connection Bulid","timestamp":"2022-03-03T19:56:06.943Z"}
{"level":"info","message":"Connection Bulid","timestamp":"2022-03-03T19:56:10.050Z"}
{"level":"info","message":"Connection Bulid","timestamp":"2022-03-03T19:56:14.361Z"}
{"level":"info","message":"Connection Bulid","timestamp":"2022-03-03T19:56:19.015Z"}
{"level":"info","message":"Connection Bulid","timestamp":"2022-03-03T19:56:21.807Z"}
{"level":"info","message":"Connection Bulid","timestamp":"2022-03-03T19:56:22.943Z"}
{"level":"info","message":"Connection Bulid","timestamp":"2022-03-03T19:56:37.415Z"}
{"level":"info","message":"Connection Bulid","timestamp":"2022-03-03T19:56:38.506Z"}
{"level":"info","message":"Connection Bulid","timestamp":"2022-03-03T19:57:16.522Z"}
{"level":"info","message":"Connection Bulid","timestamp":"2022-03-03T20:21:11.710Z"}
{"level":"info","message":"Connection Bulid","timestamp":"2022-03-03T20:21:13.396Z"}
{"level":"info","message":"Connection Bulid","timestamp":"2022-03-03T20:21:23.398Z"}
{"level":"info","message":"Connection Bulid","timestamp":"2022-03-03T20:23:07.875Z"}
{"level":"info","message":"Connection Bulid","timestamp":"2022-03-03T20:24:26.289Z"}
{"level":"info","message":"Connection Bulid","timestamp":"2022-03-03T20:24:31.458Z"}
{"level":"info","message":"Connection Bulid","timestamp":"2022-03-03T20:24:36.886Z"}
{"level":"info","message":"Connection Bulid","timestamp":"2022-03-03T20:24:40.545Z"}
{"level":"info","message":"Connection Bulid","timestamp":"2022-03-03T20:24:45.025Z"}
{"level":"info","message":"Connection Bulid","timestamp":"2022-03-03T20:24:47.950Z"}
{"level":"info","message":"Connection Bulid","timestamp":"2022-03-03T20:24:51.139Z"}
{"level":"info","message":"Connection Bulid","timestamp":"2022-03-03T20:25:01.565Z"}
{"level":"info","message":"Connection Bulid","timestamp":"2022-03-03T20:25:05.763Z"}
{"level":"info","message":"Connection Bulid","timestamp":"2022-03-03T20:25:07.976Z"}
{"level":"info","message":"Connection Bulid","timestamp":"2022-03-03T20:25:40.470Z"}
{"level":"info","message":"Connection Bulid","timestamp":"2022-03-03T20:25:52.192Z"}
{"level":"info","message":"Connection Bulid","timestamp":"2022-03-03T20:25:54.459Z"}
{"level":"info","message":"Connection Bulid","timestamp":"2022-03-03T20:25:58.132Z"}
{"level":"info","message":"Connection Bulid","timestamp":"2022-03-03T20:26:15.480Z"}
{"level":"info","message":"Connection Bulid","timestamp":"2022-03-03T20:26:40.888Z"}
{"level":"info","message":"Connection Bulid","timestamp":"2022-03-03T20:26:43.791Z"}
{"level":"info","message":"Connection Bulid","timestamp":"2022-03-03T20:27:19.662Z"}
{"level":"info","message":"Connection Bulid","timestamp":"2022-03-03T20:27:22.986Z"}
{"level":"info","message":"Example app listening on 3000 port!","timestamp":"2022-03-03T20:27:54.844Z"}
{"level":"info","message":"Connection Bulid","timestamp":"2022-03-03T20:27:54.864Z"}
{"level":"info","message":"Example app listening on 3000 port!","timestamp":"2022-03-03T20:27:56.741Z"}
{"level":"info","message":"Connection Bulid","timestamp":"2022-03-03T20:27:56.755Z"}
{"level":"info","message":"Example app listening on 3000 port!","timestamp":"2022-03-03T20:28:00.683Z"}
{"level":"info","message":"Connection Bulid","timestamp":"2022-03-03T20:28:00.698Z"}
{"level":"info","message":"Example app listening on 3000 port!","timestamp":"2022-03-03T20:28:58.006Z"}
{"level":"info","message":"Connection Bulid","timestamp":"2022-03-03T20:28:58.023Z"}
{"level":"info","message":"Example app listening on 3000 port!","timestamp":"2022-03-03T20:29:04.480Z"}
{"level":"info","message":"Connection Bulid","timestamp":"2022-03-03T20:29:04.507Z"}
{"level":"info","message":"Example app listening on 3000 port!","timestamp":"2022-03-03T20:29:07.732Z"}
{"level":"info","message":"Connection Bulid","timestamp":"2022-03-03T20:29:07.756Z"}
{"level":"info","message":"Example app listening on 3000 port!","timestamp":"2022-03-03T20:29:17.855Z"}
{"level":"info","message":"Connection Bulid","timestamp":"2022-03-03T20:29:17.873Z"}
{"level":"info","message":"Example app listening on 3000 port!","timestamp":"2022-03-03T20:29:21.537Z"}
{"level":"info","message":"Connection Bulid","timestamp":"2022-03-03T20:29:21.559Z"}
{"level":"info","message":"Example app listening on 3000 port!","timestamp":"2022-03-03T20:29:31.294Z"}
{"level":"info","message":"Connection Bulid","timestamp":"2022-03-03T20:29:31.316Z"}
{"level":"info","message":"Example app listening on 3000 port!","timestamp":"2022-03-03T20:29:37.425Z"}
{"level":"info","message":"Connection Bulid","timestamp":"2022-03-03T20:29:37.440Z"}
{"level":"info","message":"Example app listening on 3000 port!","timestamp":"2022-03-03T20:30:04.741Z"}
{"level":"info","message":"Connection Bulid","timestamp":"2022-03-03T20:30:04.766Z"}
