{"_message":"DemoData validation failed","errors":{"name":{"kind":"required","message":"Path `name` is required.","name":"ValidatorError","path":"name","properties":{"message":"Path `name` is required.","path":"name","type":"required","value":""},"value":""}},"level":"error","timestamp":"2022-03-02T13:03:51.058Z"}
{"_message":"DemoData validation failed","errors":{"name":{"kind":"required","message":"Path `name` is required.","name":"ValidatorError","path":"name","properties":{"message":"Path `name` is required.","path":"name","type":"required","value":""},"value":""}},"level":"error","timestamp":"2022-03-02T13:05:59.864Z"}
{"_message":"DemoData validation failed","errors":{"name":{"kind":"required","message":"Path `name` is required.","name":"ValidatorError","path":"name","properties":{"message":"Path `name` is required.","path":"name","type":"required","value":""},"value":""}},"level":"error","timestamp":"2022-03-02T13:12:25.501Z"}
{"_message":"DemoData validation failed","errors":{"name":{"kind":"required","message":"Path `name` is required.","name":"ValidatorError","path":"name","properties":{"message":"Path `name` is required.","path":"name","type":"required","value":""},"value":""}},"level":"error","timestamp":"2022-03-02T13:20:20.838Z"}
{"_message":"DemoData validation failed","errors":{"name":{"kind":"required","message":"Path `name` is required.","name":"ValidatorError","path":"name","properties":{"message":"Path `name` is required.","path":"name","type":"required","value":""},"value":""}},"level":"error","timestamp":"2022-03-02T13:21:19.119Z"}
{"_message":"DemoData validation failed","errors":{"name":{"kind":"required","message":"Path `name` is required.","name":"ValidatorError","path":"name","properties":{"message":"Path `name` is required.","path":"name","type":"required","value":""},"value":""}},"level":"error","timestamp":"2022-03-02T13:23:06.353Z"}
{"code":"ERR_HTTP_HEADERS_SENT","level":"error","timestamp":"2022-03-02T13:30:19.811Z"}
{"code":"ERR_HTTP_HEADERS_SENT","level":"error","timestamp":"2022-03-02T13:34:32.936Z"}
{"code":"ERR_HTTP_HEADERS_SENT","level":"error","timestamp":"2022-03-02T13:34:59.576Z"}
{"code":"ERR_HTTP_HEADERS_SENT","level":"error","timestamp":"2022-03-02T13:35:33.989Z"}
{"code":"ERR_HTTP_HEADERS_SENT","level":"error","timestamp":"2022-03-02T13:36:07.578Z"}
{"code":"ERR_HTTP_HEADERS_SENT","level":"error","timestamp":"2022-03-02T13:36:39.815Z"}
{"code":"ERR_HTTP_HEADERS_SENT","level":"error","timestamp":"2022-03-02T13:36:41.216Z"}
{"code":"ERR_HTTP_HEADERS_SENT","level":"error","timestamp":"2022-03-02T13:36:42.684Z"}
{"code":"ERR_HTTP_HEADERS_SENT","level":"error","timestamp":"2022-03-02T13:36:43.580Z"}
{"code":"ERR_HTTP_HEADERS_SENT","level":"error","timestamp":"2022-03-02T13:40:16.135Z"}
{"code":"ERR_HTTP_HEADERS_SENT","level":"error","timestamp":"2022-03-02T13:40:23.919Z"}
{"kind":"ObjectId","level":"error","path":"_id","reason":{},"stringValue":"\"621f57611afbc1234bebc12b1\"","timestamp":"2022-03-02T13:40:44.906Z","value":"621f57611afbc1234bebc12b1","valueType":"string"}
{"code":"ERR_HTTP_HEADERS_SENT","level":"error","timestamp":"2022-03-02T13:43:10.362Z"}
{"code":"ERR_HTTP_HEADERS_SENT","level":"error","timestamp":"2022-03-02T13:46:14.745Z"}
{"code":"ERR_HTTP_HEADERS_SENT","level":"error","timestamp":"2022-03-02T13:47:37.531Z"}
{"code":"ERR_HTTP_HEADERS_SENT","level":"error","timestamp":"2022-03-02T13:49:01.693Z"}
{"code":"ERR_HTTP_HEADERS_SENT","level":"error","timestamp":"2022-03-02T13:51:18.029Z"}
{"code":"ERR_HTTP_HEADERS_SENT","level":"error","timestamp":"2022-03-02T13:51:34.886Z"}
{"code":"ERR_HTTP_HEADERS_SENT","level":"error","timestamp":"2022-03-02T13:51:42.218Z"}
{"code":"ERR_HTTP_HEADERS_SENT","level":"error","timestamp":"2022-03-02T13:51:49.648Z"}
{"code":"ERR_HTTP_HEADERS_SENT","level":"error","timestamp":"2022-03-02T13:52:07.985Z"}
{"code":"ERR_HTTP_HEADERS_SENT","level":"error","timestamp":"2022-03-02T13:52:20.088Z"}
{"code":"ERR_HTTP_HEADERS_SENT","level":"error","timestamp":"2022-03-02T13:52:35.011Z"}
{"code":"ERR_HTTP_HEADERS_SENT","level":"error","timestamp":"2022-03-02T13:54:06.814Z"}
{"code":"ERR_HTTP_HEADERS_SENT","level":"error","timestamp":"2022-03-02T13:54:26.808Z"}
{"code":"ERR_HTTP_HEADERS_SENT","level":"error","timestamp":"2022-03-02T13:54:34.856Z"}
{"code":"ERR_HTTP_HEADERS_SENT","level":"error","timestamp":"2022-03-02T13:57:48.736Z"}
{"code":"ERR_HTTP_HEADERS_SENT","level":"error","timestamp":"2022-03-02T13:58:02.356Z"}
{"code":"ERR_HTTP_HEADERS_SENT","level":"error","timestamp":"2022-03-02T13:58:24.615Z"}
{"code":"ERR_HTTP_HEADERS_SENT","level":"error","timestamp":"2022-03-02T13:58:37.444Z"}
{"code":"ERR_HTTP_HEADERS_SENT","level":"error","timestamp":"2022-03-02T13:58:59.409Z"}
{"code":"ERR_HTTP_HEADERS_SENT","level":"error","timestamp":"2022-03-02T13:59:04.566Z"}
{"code":"ERR_HTTP_HEADERS_SENT","level":"error","timestamp":"2022-03-02T13:59:20.117Z"}
{"code":"ERR_HTTP_HEADERS_SENT","level":"error","timestamp":"2022-03-02T13:59:56.201Z"}
{"code":"ERR_HTTP_HEADERS_SENT","level":"error","timestamp":"2022-03-02T14:08:17.805Z"}
{"code":"ERR_HTTP_HEADERS_SENT","level":"error","timestamp":"2022-03-02T14:08:48.755Z"}
{"code":"ERR_HTTP_HEADERS_SENT","level":"error","timestamp":"2022-03-02T14:15:57.388Z"}
{"code":"ERR_HTTP_HEADERS_SENT","level":"error","timestamp":"2022-03-03T06:53:51.496Z"}
{"kind":"ObjectId","level":"error","path":"_id","reason":{},"stringValue":"\"1646326366864-any-name-2021-09-02\"","timestamp":"2022-03-03T17:05:32.490Z","value":"1646326366864-any-name-2021-09-02","valueType":"string"}
{"level":"error","timestamp":"2022-03-03T17:29:04.819Z"}
{"code":66,"codeName":"ImmutableField","level":"error","ok":0,"timestamp":"2022-03-03T17:29:42.484Z"}
{"code":66,"codeName":"ImmutableField","level":"error","ok":0,"timestamp":"2022-03-03T17:29:44.064Z"}
{"code":66,"codeName":"ImmutableField","level":"error","ok":0,"timestamp":"2022-03-03T17:34:38.791Z"}
{"code":66,"codeName":"ImmutableField","level":"error","ok":0,"timestamp":"2022-03-03T17:42:19.811Z"}
{"code":66,"codeName":"ImmutableField","level":"error","ok":0,"timestamp":"2022-03-03T17:43:18.655Z"}
{"code":66,"codeName":"ImmutableField","level":"error","ok":0,"timestamp":"2022-03-03T17:43:53.325Z"}
{"level":"error","timestamp":"2022-03-03T17:45:13.666Z"}
{"level":"error","timestamp":"2022-03-03T17:45:30.315Z"}
{"level":"error","timestamp":"2022-03-03T17:46:30.676Z"}
{"level":"error","timestamp":"2022-03-03T17:46:35.897Z"}
{"level":"error","timestamp":"2022-03-03T17:46:36.613Z"}
{"level":"error","timestamp":"2022-03-03T17:46:38.763Z"}
{"level":"error","timestamp":"2022-03-03T17:47:39.176Z"}
{"level":"error","timestamp":"2022-03-03T17:50:52.648Z"}
{"code":66,"codeName":"ImmutableField","level":"error","ok":0,"timestamp":"2022-03-03T17:53:47.942Z"}
